Entered email: hongkaiteh@gmail.com
DB user: Array
(
    [id] => 6
    [username] => teh089
    [email] => hongkaiteh@gmail.com
    [password] => $2y$10$4IinKMprrK8rwxo5FFImaeDi7Nesia8aIigVaXJnv/W0b79Qf2Poe
)

Entered email: hkteh529@gmail.com
DB user: Array
(
    [id] => 7
    [username] => testing101
    [email] => hkteh529@gmail.com
    [password] => $2y$10$d2kmjUsNpDMhUZT6B3v4t.i8fsCBwUe/6QCULkEICqndhoUcZc7FK
)

Entered email: hongkaiteh@gmail.com
DB user: Array
(
    [id] => 6
    [username] => teh089
    [email] => hongkaiteh@gmail.com
    [password] => $2y$10$4IinKMprrK8rwxo5FFImaeDi7Nesia8aIigVaXJnv/W0b79Qf2Poe
)

Entered email: hongkaiteh@gmail.com
DB user: Array
(
    [id] => 6
    [username] => teh089
    [email] => hongkaiteh@gmail.com
    [password] => $2y$10$4IinKMprrK8rwxo5FFImaeDi7Nesia8aIigVaXJnv/W0b79Qf2Poe
)

Entered email: hongkaiteh@gmail.com
DB user: Array
(
    [id] => 6
    [username] => teh089
    [email] => hongkaiteh@gmail.com
    [password] => $2y$10$4IinKMprrK8rwxo5FFImaeDi7Nesia8aIigVaXJnv/W0b79Qf2Poe
)

Entered email: hongkaiteh@gmail.com
DB user: Array
(
    [id] => 6
    [username] => teh089
    [email] => hongkaiteh@gmail.com
    [password] => $2y$10$4IinKMprrK8rwxo5FFImaeDi7Nesia8aIigVaXJnv/W0b79Qf2Poe
)

Entered email: hongkaiteh@gmail.com
DB user: Array
(
    [id] => 6
    [username] => teh089
    [email] => hongkaiteh@gmail.com
    [password] => $2y$10$4IinKMprrK8rwxo5FFImaeDi7Nesia8aIigVaXJnv/W0b79Qf2Poe
)

Entered email: hongkaiteh@gmail.com
DB user: Array
(
    [id] => 6
    [username] => teh089
    [email] => hongkaiteh@gmail.com
    [password] => $2y$10$4IinKMprrK8rwxo5FFImaeDi7Nesia8aIigVaXJnv/W0b79Qf2Poe
)

Entered email: hongkaiteh@gmail.com
DB user: Array
(
    [id] => 6
    [username] => teh089
    [email] => hongkaiteh@gmail.com
    [password] => $2y$10$4IinKMprrK8rwxo5FFImaeDi7Nesia8aIigVaXJnv/W0b79Qf2Poe
)

Entered email: hongkaiteh@gmail.com
DB user: Array
(
    [id] => 8
    [username] => teh089
    [email] => hongkaiteh@gmail.com
    [password] => $2y$10$fp6kY0Q3CafUjH.J3DpgEezVmepvxukgFm8/L7/LcRxaSBLHfT3vG
)

Entered email: hongkaiteh@gmail.com
DB user: Array
(
    [id] => 8
    [username] => teh089
    [email] => hongkaiteh@gmail.com
    [password] => $2y$10$fp6kY0Q3CafUjH.J3DpgEezVmepvxukgFm8/L7/LcRxaSBLHfT3vG
)

Entered email: hongkaiteh@gmail.com
DB user: Array
(
    [id] => 8
    [username] => teh089
    [email] => hongkaiteh@gmail.com
    [password] => $2y$10$fp6kY0Q3CafUjH.J3DpgEezVmepvxukgFm8/L7/LcRxaSBLHfT3vG
)

Entered email: hongkaiteh@gmail.com
DB user: Array
(
    [id] => 8
    [username] => teh089
    [email] => hongkaiteh@gmail.com
    [password] => $2y$10$fp6kY0Q3CafUjH.J3DpgEezVmepvxukgFm8/L7/LcRxaSBLHfT3vG
)

Entered email: hkteh529@gmail.com
DB user: Array
(
    [id] => 9
    [username] => testing101
    [email] => hkteh529@gmail.com
    [password] => $2y$10$y.gYUZFMpdaydSGJUHCLEu61Vadodj1T4BV0FarbwpnFu8Rt1o2G.
)

Entered email: hongkaiteh@gmail.com
DB user: Array
(
    [id] => 8
    [username] => teh089
    [email] => hongkaiteh@gmail.com
    [password] => $2y$10$fp6kY0Q3CafUjH.J3DpgEezVmepvxukgFm8/L7/LcRxaSBLHfT3vG
)

Entered email: hongkaiteh@gmail.com
DB user: Array
(
    [id] => 8
    [username] => teh089
    [email] => hongkaiteh@gmail.com
    [password] => $2y$10$fp6kY0Q3CafUjH.J3DpgEezVmepvxukgFm8/L7/LcRxaSBLHfT3vG
)

Entered email: hongkaiteh@gmail.com
DB user: Array
(
    [id] => 8
    [username] => teh089
    [email] => hongkaiteh@gmail.com
    [password] => $2y$10$fp6kY0Q3CafUjH.J3DpgEezVmepvxukgFm8/L7/LcRxaSBLHfT3vG
)

Entered email: hkteh529@gmail.com
DB user: Array
(
    [id] => 9
    [username] => testing101
    [email] => hkteh529@gmail.com
    [password] => $2y$10$y.gYUZFMpdaydSGJUHCLEu61Vadodj1T4BV0FarbwpnFu8Rt1o2G.
)

Entered email: ggg@ggg.com
DB user: Array
(
    [id] => 10
    [username] => gggg
    [email] => ggg@ggg.com
    [password] => $2y$10$5IhsFZNk7kiQRBKBLakfn.Pvnik6aCs2vgvVlBqdRsV6UDtTxyZZG
)

Entered email: ggg@ggg.com
DB user: Array
(
    [id] => 10
    [username] => gggg
    [email] => ggg@ggg.com
    [password] => $2y$10$5IhsFZNk7kiQRBKBLakfn.Pvnik6aCs2vgvVlBqdRsV6UDtTxyZZG
)

Entered email: hongkaiteh@gmail.com
DB user: Array
(
    [id] => 8
    [username] => teh089
    [email] => hongkaiteh@gmail.com
    [password] => $2y$10$fp6kY0Q3CafUjH.J3DpgEezVmepvxukgFm8/L7/LcRxaSBLHfT3vG
)

Entered email: ggg@ggg.com
DB user: Array
(
    [id] => 10
    [username] => gggg
    [email] => ggg@ggg.com
    [password] => $2y$10$5IhsFZNk7kiQRBKBLakfn.Pvnik6aCs2vgvVlBqdRsV6UDtTxyZZG
)

Entered email: ggg@ggg.com
DB user: Array
(
    [id] => 10
    [username] => gggg
    [email] => ggg@ggg.com
    [password] => $2y$10$5IhsFZNk7kiQRBKBLakfn.Pvnik6aCs2vgvVlBqdRsV6UDtTxyZZG
)

Entered email: hongkaiteh@gmail.com
DB user: Array
(
    [id] => 8
    [username] => teh089
    [email] => hongkaiteh@gmail.com
    [password] => $2y$10$fp6kY0Q3CafUjH.J3DpgEezVmepvxukgFm8/L7/LcRxaSBLHfT3vG
)

Entered email: ggg@ggg.com
DB user: Array
(
    [id] => 10
    [username] => gggg
    [email] => ggg@ggg.com
    [password] => $2y$10$5IhsFZNk7kiQRBKBLakfn.Pvnik6aCs2vgvVlBqdRsV6UDtTxyZZG
)

Entered email: ggg@ggg.com
No user found for ggg@ggg.com
Entered email: ggg@ggg.com
DB user: Array
(
    [id] => 11
    [username] => gggg
    [email] => ggg@ggg.com
    [password] => $2y$10$hLTbRJVBb0EVDfyrml39M.7z.xY5ltDs9ddjrVsK.F1SjtWH1w8j.
)

Entered email: hongkaiteh@gmail.com
DB user: Array
(
    [id] => 8
    [username] => teh089
    [email] => hongkaiteh@gmail.com
    [password] => $2y$10$fp6kY0Q3CafUjH.J3DpgEezVmepvxukgFm8/L7/LcRxaSBLHfT3vG
)

Entered email: hongkaiteh@gmail.com
DB user: Array
(
    [id] => 8
    [username] => teh089
    [email] => hongkaiteh@gmail.com
    [password] => $2y$10$fp6kY0Q3CafUjH.J3DpgEezVmepvxukgFm8/L7/LcRxaSBLHfT3vG
)

Entered email: hongkaiteh@gmail.com
DB user: Array
(
    [id] => 8
    [username] => teh089
    [email] => hongkaiteh@gmail.com
    [password] => $2y$10$fp6kY0Q3CafUjH.J3DpgEezVmepvxukgFm8/L7/LcRxaSBLHfT3vG
)

Entered email: hongkaiteh@gmail.com
DB user: Array
(
    [id] => 8
    [username] => teh089
    [email] => hongkaiteh@gmail.com
    [password] => $2y$10$fp6kY0Q3CafUjH.J3DpgEezVmepvxukgFm8/L7/LcRxaSBLHfT3vG
)

Entered email: hongkaiteh@gmail.com
DB user: Array
(
    [id] => 8
    [username] => teh089
    [email] => hongkaiteh@gmail.com
    [password] => $2y$10$fp6kY0Q3CafUjH.J3DpgEezVmepvxukgFm8/L7/LcRxaSBLHfT3vG
)

Entered email: hongkaiteh@gmail.com
DB user: Array
(
    [id] => 8
    [username] => teh089
    [email] => hongkaiteh@gmail.com
    [password] => $2y$10$fp6kY0Q3CafUjH.J3DpgEezVmepvxukgFm8/L7/LcRxaSBLHfT3vG
)

Entered email: hongkaiteh@gmail.com
DB user: Array
(
    [id] => 8
    [username] => teh089
    [email] => hongkaiteh@gmail.com
    [password] => $2y$10$fp6kY0Q3CafUjH.J3DpgEezVmepvxukgFm8/L7/LcRxaSBLHfT3vG
)

Entered email: hongkaiteh@gmail.com
DB user: Array
(
    [id] => 8
    [username] => teh089
    [email] => hongkaiteh@gmail.com
    [password] => $2y$10$fp6kY0Q3CafUjH.J3DpgEezVmepvxukgFm8/L7/LcRxaSBLHfT3vG
)

Entered email: hongkaiteh@gmail.com
DB user: Array
(
    [id] => 8
    [username] => teh089
    [email] => hongkaiteh@gmail.com
    [password] => $2y$10$fp6kY0Q3CafUjH.J3DpgEezVmepvxukgFm8/L7/LcRxaSBLHfT3vG
)

Entered email: hongkaiteh@gmail.com
DB user: Array
(
    [id] => 8
    [username] => teh089
    [email] => hongkaiteh@gmail.com
    [password] => $2y$10$fp6kY0Q3CafUjH.J3DpgEezVmepvxukgFm8/L7/LcRxaSBLHfT3vG
)

Entered email: hongkaiteh@gmail.com
DB user: Array
(
    [id] => 8
    [username] => teh089
    [email] => hongkaiteh@gmail.com
    [password] => $2y$10$fp6kY0Q3CafUjH.J3DpgEezVmepvxukgFm8/L7/LcRxaSBLHfT3vG
)

Entered email: hkteh529@gmail.com
DB user: Array
(
    [id] => 9
    [username] => testing101
    [email] => hkteh529@gmail.com
    [password] => $2y$10$y.gYUZFMpdaydSGJUHCLEu61Vadodj1T4BV0FarbwpnFu8Rt1o2G.
)

Entered email: hongkaiteh@gmail.com
DB user: Array
(
    [id] => 8
    [username] => teh089
    [email] => hongkaiteh@gmail.com
    [password] => $2y$10$fp6kY0Q3CafUjH.J3DpgEezVmepvxukgFm8/L7/LcRxaSBLHfT3vG
)

